{"/home/sata/dev/yarner/src/lib/api/claude.ts": {"path":"/home/sata/dev/yarner/src/lib/api/claude.ts","statementMap":{"0":{"start":{"line":17,"column":24},"end":{"line":17,"column":null}},"1":{"start":{"line":52,"column":22},"end":{"line":52,"column":null}},"2":{"start":{"line":55,"column":18},"end":{"line":58,"column":null}},"3":{"start":{"line":61,"column":21},"end":{"line":67,"column":null}},"4":{"start":{"line":69,"column":18},"end":{"line":78,"column":null}},"5":{"start":{"line":80,"column":1},"end":{"line":83,"column":null}},"6":{"start":{"line":81,"column":20},"end":{"line":81,"column":null}},"7":{"start":{"line":81,"column":54},"end":{"line":81,"column":56}},"8":{"start":{"line":82,"column":2},"end":{"line":82,"column":null}},"9":{"start":{"line":85,"column":1},"end":{"line":87,"column":null}},"10":{"start":{"line":86,"column":2},"end":{"line":86,"column":null}},"11":{"start":{"line":90,"column":20},"end":{"line":90,"column":null}},"12":{"start":{"line":91,"column":16},"end":{"line":91,"column":null}},"13":{"start":{"line":92,"column":17},"end":{"line":92,"column":null}},"14":{"start":{"line":94,"column":1},"end":{"line":123,"column":null}},"15":{"start":{"line":95,"column":2},"end":{"line":120,"column":null}},"16":{"start":{"line":96,"column":27},"end":{"line":96,"column":null}},"17":{"start":{"line":97,"column":3},"end":{"line":97,"column":null}},"18":{"start":{"line":97,"column":13},"end":{"line":97,"column":null}},"19":{"start":{"line":99,"column":17},"end":{"line":99,"column":null}},"20":{"start":{"line":100,"column":17},"end":{"line":100,"column":null}},"21":{"start":{"line":102,"column":3},"end":{"line":119,"column":null}},"22":{"start":{"line":103,"column":20},"end":{"line":103,"column":null}},"23":{"start":{"line":104,"column":4},"end":{"line":104,"column":null}},"24":{"start":{"line":104,"column":51},"end":{"line":104,"column":null}},"25":{"start":{"line":106,"column":17},"end":{"line":106,"column":null}},"26":{"start":{"line":107,"column":4},"end":{"line":107,"column":null}},"27":{"start":{"line":107,"column":27},"end":{"line":107,"column":null}},"28":{"start":{"line":109,"column":4},"end":{"line":118,"column":null}},"29":{"start":{"line":110,"column":20},"end":{"line":110,"column":null}},"30":{"start":{"line":111,"column":19},"end":{"line":111,"column":null}},"31":{"start":{"line":112,"column":5},"end":{"line":115,"column":null}},"32":{"start":{"line":113,"column":6},"end":{"line":113,"column":null}},"33":{"start":{"line":114,"column":6},"end":{"line":114,"column":null}},"34":{"start":{"line":122,"column":2},"end":{"line":122,"column":null}},"35":{"start":{"line":125,"column":1},"end":{"line":125,"column":null}},"36":{"start":{"line":141,"column":1},"end":{"line":155,"column":null}},"37":{"start":{"line":191,"column":18},"end":{"line":196,"column":null}},"38":{"start":{"line":198,"column":25},"end":{"line":198,"column":null}},"39":{"start":{"line":199,"column":15},"end":{"line":199,"column":null}},"40":{"start":{"line":201,"column":1},"end":{"line":222,"column":null}},"41":{"start":{"line":202,"column":16},"end":{"line":202,"column":null}},"42":{"start":{"line":203,"column":2},"end":{"line":221,"column":null}},"43":{"start":{"line":205,"column":3},"end":{"line":205,"column":null}},"44":{"start":{"line":207,"column":18},"end":{"line":207,"column":null}},"45":{"start":{"line":208,"column":3},"end":{"line":219,"column":null}},"46":{"start":{"line":209,"column":4},"end":{"line":218,"column":null}},"47":{"start":{"line":220,"column":3},"end":{"line":220,"column":null}},"48":{"start":{"line":224,"column":1},"end":{"line":224,"column":null}},"49":{"start":{"line":234,"column":1},"end":{"line":234,"column":null}},"50":{"start":{"line":234,"column":7},"end":{"line":234,"column":29}},"51":{"start":{"line":237,"column":14},"end":{"line":237,"column":17}},"52":{"start":{"line":237,"column":28},"end":{"line":237,"column":null}},"53":{"start":{"line":238,"column":13},"end":{"line":238,"column":20}},"54":{"start":{"line":238,"column":26},"end":{"line":238,"column":null}},"55":{"start":{"line":239,"column":1},"end":{"line":249,"column":null}},"56":{"start":{"line":240,"column":2},"end":{"line":240,"column":null}},"57":{"start":{"line":240,"column":13},"end":{"line":240,"column":26}},"58":{"start":{"line":240,"column":26},"end":{"line":240,"column":36}},"59":{"start":{"line":241,"column":2},"end":{"line":241,"column":null}},"60":{"start":{"line":241,"column":30},"end":{"line":241,"column":42}},"61":{"start":{"line":241,"column":42},"end":{"line":241,"column":52}},"62":{"start":{"line":242,"column":2},"end":{"line":242,"column":null}},"63":{"start":{"line":242,"column":20},"end":{"line":242,"column":36}},"64":{"start":{"line":242,"column":36},"end":{"line":242,"column":46}},"65":{"start":{"line":243,"column":2},"end":{"line":243,"column":null}},"66":{"start":{"line":243,"column":13},"end":{"line":243,"column":null}},"67":{"start":{"line":245,"column":2},"end":{"line":248,"column":null}},"68":{"start":{"line":245,"column":18},"end":{"line":245,"column":null}},"69":{"start":{"line":245,"column":18},"end":{"line":248,"column":null}},"70":{"start":{"line":246,"column":23},"end":{"line":246,"column":null}},"71":{"start":{"line":246,"column":54},"end":{"line":248,"column":null}},"72":{"start":{"line":247,"column":23},"end":{"line":247,"column":null}},"73":{"start":{"line":247,"column":23},"end":{"line":248,"column":null}},"74":{"start":{"line":248,"column":23},"end":{"line":248,"column":null}},"75":{"start":{"line":251,"column":18},"end":{"line":251,"column":null}},"76":{"start":{"line":252,"column":1},"end":{"line":256,"column":null}},"77":{"start":{"line":253,"column":17},"end":{"line":253,"column":null}},"78":{"start":{"line":254,"column":2},"end":{"line":254,"column":null}},"79":{"start":{"line":255,"column":2},"end":{"line":255,"column":null}},"80":{"start":{"line":258,"column":1},"end":{"line":258,"column":null}},"81":{"start":{"line":259,"column":1},"end":{"line":259,"column":null}},"82":{"start":{"line":266,"column":1},"end":{"line":268,"column":null}},"83":{"start":{"line":267,"column":2},"end":{"line":267,"column":null}},"84":{"start":{"line":269,"column":1},"end":{"line":277,"column":null}},"85":{"start":{"line":270,"column":2},"end":{"line":272,"column":null}},"86":{"start":{"line":271,"column":3},"end":{"line":271,"column":null}},"87":{"start":{"line":273,"column":2},"end":{"line":275,"column":null}},"88":{"start":{"line":274,"column":3},"end":{"line":274,"column":null}},"89":{"start":{"line":276,"column":2},"end":{"line":276,"column":null}},"90":{"start":{"line":278,"column":1},"end":{"line":278,"column":null}}},"fnMap":{"0":{"name":"sendToAIStreaming","decl":{"start":{"line":42,"column":22},"end":{"line":42,"column":null}},"loc":{"start":{"line":51,"column":23},"end":{"line":126,"column":null}},"line":51},"1":{"name":"(anonymous_1)","decl":{"start":{"line":81,"column":48},"end":{"line":81,"column":54}},"loc":{"start":{"line":81,"column":54},"end":{"line":81,"column":56}},"line":81},"2":{"name":"buildSystemPrompt","decl":{"start":{"line":136,"column":9},"end":{"line":136,"column":null}},"loc":{"start":{"line":140,"column":10},"end":{"line":177,"column":null}},"line":140},"3":{"name":"parseAIResponse","decl":{"start":{"line":189,"column":16},"end":{"line":189,"column":32}},"loc":{"start":{"line":189,"column":90},"end":{"line":225,"column":null}},"line":189},"4":{"name":"tryRepairAndParseJSON","decl":{"start":{"line":232,"column":16},"end":{"line":232,"column":38}},"loc":{"start":{"line":232,"column":81},"end":{"line":260,"column":null}},"line":232},"5":{"name":"getErrorMessage","decl":{"start":{"line":265,"column":16},"end":{"line":265,"column":32}},"loc":{"start":{"line":265,"column":56},"end":{"line":279,"column":null}},"line":265}},"branchMap":{"0":{"loc":{"start":{"line":49,"column":1},"end":{"line":49,"column":null}},"type":"default-arg","locations":[{"start":{"line":49,"column":18},"end":{"line":49,"column":null}}],"line":49},"1":{"loc":{"start":{"line":74,"column":7},"end":{"line":74,"column":null}},"type":"cond-expr","locations":[{"start":{"line":74,"column":16},"end":{"line":74,"column":58}},{"start":{"line":74,"column":58},"end":{"line":74,"column":null}}],"line":74},"2":{"loc":{"start":{"line":80,"column":1},"end":{"line":83,"column":null}},"type":"if","locations":[{"start":{"line":80,"column":1},"end":{"line":83,"column":null}},{"start":{},"end":{}}],"line":80},"3":{"loc":{"start":{"line":82,"column":53},"end":{"line":82,"column":85}},"type":"binary-expr","locations":[{"start":{"line":82,"column":53},"end":{"line":82,"column":66}},{"start":{"line":82,"column":66},"end":{"line":82,"column":85}}],"line":82},"4":{"loc":{"start":{"line":85,"column":1},"end":{"line":87,"column":null}},"type":"if","locations":[{"start":{"line":85,"column":1},"end":{"line":87,"column":null}},{"start":{},"end":{}}],"line":85},"5":{"loc":{"start":{"line":97,"column":3},"end":{"line":97,"column":null}},"type":"if","locations":[{"start":{"line":97,"column":3},"end":{"line":97,"column":null}},{"start":{},"end":{}}],"line":97},"6":{"loc":{"start":{"line":104,"column":4},"end":{"line":104,"column":null}},"type":"if","locations":[{"start":{"line":104,"column":4},"end":{"line":104,"column":null}},{"start":{},"end":{}}],"line":104},"7":{"loc":{"start":{"line":104,"column":8},"end":{"line":104,"column":51}},"type":"binary-expr","locations":[{"start":{"line":104,"column":8},"end":{"line":104,"column":20}},{"start":{"line":104,"column":20},"end":{"line":104,"column":51}}],"line":104},"8":{"loc":{"start":{"line":107,"column":4},"end":{"line":107,"column":null}},"type":"if","locations":[{"start":{"line":107,"column":4},"end":{"line":107,"column":null}},{"start":{},"end":{}}],"line":107},"9":{"loc":{"start":{"line":112,"column":5},"end":{"line":115,"column":null}},"type":"if","locations":[{"start":{"line":112,"column":5},"end":{"line":115,"column":null}},{"start":{},"end":{}}],"line":112},"10":{"loc":{"start":{"line":152,"column":2},"end":{"line":152,"column":55}},"type":"binary-expr","locations":[{"start":{"line":152,"column":2},"end":{"line":152,"column":21}},{"start":{"line":152,"column":21},"end":{"line":152,"column":55}}],"line":152},"11":{"loc":{"start":{"line":203,"column":2},"end":{"line":221,"column":null}},"type":"if","locations":[{"start":{"line":203,"column":2},"end":{"line":221,"column":null}},{"start":{},"end":{}}],"line":203},"12":{"loc":{"start":{"line":208,"column":3},"end":{"line":219,"column":null}},"type":"if","locations":[{"start":{"line":208,"column":3},"end":{"line":219,"column":null}},{"start":{},"end":{}}],"line":208},"13":{"loc":{"start":{"line":208,"column":7},"end":{"line":208,"column":93}},"type":"binary-expr","locations":[{"start":{"line":208,"column":7},"end":{"line":208,"column":18}},{"start":{"line":208,"column":18},"end":{"line":208,"column":59}},{"start":{"line":208,"column":59},"end":{"line":208,"column":93}}],"line":208},"14":{"loc":{"start":{"line":215,"column":10},"end":{"line":215,"column":null}},"type":"binary-expr","locations":[{"start":{"line":215,"column":10},"end":{"line":215,"column":36}},{"start":{"line":215,"column":36},"end":{"line":215,"column":null}}],"line":215},"15":{"loc":{"start":{"line":240,"column":2},"end":{"line":240,"column":null}},"type":"if","locations":[{"start":{"line":240,"column":2},"end":{"line":240,"column":null}},{"start":{},"end":{}}],"line":240},"16":{"loc":{"start":{"line":241,"column":2},"end":{"line":241,"column":null}},"type":"if","locations":[{"start":{"line":241,"column":2},"end":{"line":241,"column":null}},{"start":{},"end":{}}],"line":241},"17":{"loc":{"start":{"line":241,"column":6},"end":{"line":241,"column":28}},"type":"binary-expr","locations":[{"start":{"line":241,"column":6},"end":{"line":241,"column":21}},{"start":{"line":241,"column":21},"end":{"line":241,"column":28}}],"line":241},"18":{"loc":{"start":{"line":242,"column":2},"end":{"line":242,"column":null}},"type":"if","locations":[{"start":{"line":242,"column":2},"end":{"line":242,"column":null}},{"start":{},"end":{}}],"line":242},"19":{"loc":{"start":{"line":243,"column":2},"end":{"line":243,"column":null}},"type":"if","locations":[{"start":{"line":243,"column":2},"end":{"line":243,"column":null}},{"start":{},"end":{}}],"line":243},"20":{"loc":{"start":{"line":245,"column":2},"end":{"line":248,"column":null}},"type":"if","locations":[{"start":{"line":245,"column":2},"end":{"line":248,"column":null}},{"start":{"line":245,"column":18},"end":{"line":248,"column":null}}],"line":245},"21":{"loc":{"start":{"line":245,"column":18},"end":{"line":248,"column":null}},"type":"if","locations":[{"start":{"line":245,"column":18},"end":{"line":248,"column":null}},{"start":{"line":246,"column":54},"end":{"line":248,"column":null}}],"line":245},"22":{"loc":{"start":{"line":246,"column":54},"end":{"line":248,"column":null}},"type":"if","locations":[{"start":{"line":246,"column":54},"end":{"line":248,"column":null}},{"start":{"line":247,"column":23},"end":{"line":248,"column":null}}],"line":246},"23":{"loc":{"start":{"line":247,"column":23},"end":{"line":248,"column":null}},"type":"if","locations":[{"start":{"line":247,"column":23},"end":{"line":248,"column":null}},{"start":{},"end":{}}],"line":247},"24":{"loc":{"start":{"line":266,"column":1},"end":{"line":268,"column":null}},"type":"if","locations":[{"start":{"line":266,"column":1},"end":{"line":268,"column":null}},{"start":{},"end":{}}],"line":266},"25":{"loc":{"start":{"line":266,"column":5},"end":{"line":266,"column":79}},"type":"binary-expr","locations":[{"start":{"line":266,"column":5},"end":{"line":266,"column":36}},{"start":{"line":266,"column":36},"end":{"line":266,"column":79}}],"line":266},"26":{"loc":{"start":{"line":269,"column":1},"end":{"line":277,"column":null}},"type":"if","locations":[{"start":{"line":269,"column":1},"end":{"line":277,"column":null}},{"start":{},"end":{}}],"line":269},"27":{"loc":{"start":{"line":270,"column":2},"end":{"line":272,"column":null}},"type":"if","locations":[{"start":{"line":270,"column":2},"end":{"line":272,"column":null}},{"start":{},"end":{}}],"line":270},"28":{"loc":{"start":{"line":273,"column":2},"end":{"line":275,"column":null}},"type":"if","locations":[{"start":{"line":273,"column":2},"end":{"line":275,"column":null}},{"start":{},"end":{}}],"line":273}},"s":{"0":1,"1":9,"2":9,"3":9,"4":9,"5":9,"6":2,"7":1,"8":2,"9":7,"10":1,"11":6,"12":6,"13":6,"14":6,"15":6,"16":22,"17":22,"18":6,"19":16,"20":16,"21":16,"22":48,"23":48,"24":32,"25":16,"26":16,"27":6,"28":10,"29":10,"30":10,"31":48,"32":9,"33":9,"34":6,"35":6,"36":9,"37":16,"38":16,"39":16,"40":16,"41":35,"42":35,"43":10,"44":10,"45":10,"46":8,"47":10,"48":16,"49":18,"50":18,"51":7,"52":7,"53":7,"54":7,"55":7,"56":172,"57":1,"58":1,"59":171,"60":1,"61":1,"62":170,"63":20,"64":20,"65":150,"66":80,"67":70,"68":6,"69":64,"70":0,"71":64,"72":2,"73":62,"74":1,"75":7,"76":7,"77":7,"78":7,"79":7,"80":4,"81":4,"82":6,"83":1,"84":5,"85":3,"86":1,"87":2,"88":1,"89":1,"90":2},"f":{"0":9,"1":1,"2":9,"3":16,"4":18,"5":6},"b":{"0":[9],"1":[1,8],"2":[2,7],"3":[2,1],"4":[1,6],"5":[6,16],"6":[32,16],"7":[48,16],"8":[6,10],"9":[9,39],"10":[9,9],"11":[10,25],"12":[8,2],"13":[10,9,2],"14":[8,1],"15":[1,171],"16":[1,170],"17":[171,3],"18":[20,150],"19":[80,70],"20":[6,64],"21":[0,64],"22":[2,62],"23":[1,61],"24":[1,5],"25":[6,1],"26":[3,2],"27":[1,2],"28":[1,1]},"meta":{"lastBranch":29,"lastFunction":6,"lastStatement":91,"seen":{"s:17:24:17:Infinity":0,"f:42:22:42:Infinity":0,"b:49:18:49:Infinity":0,"s:52:22:52:Infinity":1,"s:55:18:58:Infinity":2,"s:61:21:67:Infinity":3,"s:69:18:78:Infinity":4,"b:74:16:74:58:74:58:74:Infinity":1,"b:80:1:83:Infinity:undefined:undefined:undefined:undefined":2,"s:80:1:83:Infinity":5,"s:81:20:81:Infinity":6,"f:81:48:81:54":1,"s:81:54:81:56":7,"s:82:2:82:Infinity":8,"b:82:53:82:66:82:66:82:85":3,"b:85:1:87:Infinity:undefined:undefined:undefined:undefined":4,"s:85:1:87:Infinity":9,"s:86:2:86:Infinity":10,"s:90:20:90:Infinity":11,"s:91:16:91:Infinity":12,"s:92:17:92:Infinity":13,"s:94:1:123:Infinity":14,"s:95:2:120:Infinity":15,"s:96:27:96:Infinity":16,"b:97:3:97:Infinity:undefined:undefined:undefined:undefined":5,"s:97:3:97:Infinity":17,"s:97:13:97:Infinity":18,"s:99:17:99:Infinity":19,"s:100:17:100:Infinity":20,"s:102:3:119:Infinity":21,"s:103:20:103:Infinity":22,"b:104:4:104:Infinity:undefined:undefined:undefined:undefined":6,"s:104:4:104:Infinity":23,"b:104:8:104:20:104:20:104:51":7,"s:104:51:104:Infinity":24,"s:106:17:106:Infinity":25,"b:107:4:107:Infinity:undefined:undefined:undefined:undefined":8,"s:107:4:107:Infinity":26,"s:107:27:107:Infinity":27,"s:109:4:118:Infinity":28,"s:110:20:110:Infinity":29,"s:111:19:111:Infinity":30,"b:112:5:115:Infinity:undefined:undefined:undefined:undefined":9,"s:112:5:115:Infinity":31,"s:113:6:113:Infinity":32,"s:114:6:114:Infinity":33,"s:122:2:122:Infinity":34,"s:125:1:125:Infinity":35,"f:136:9:136:Infinity":2,"s:141:1:155:Infinity":36,"b:152:2:152:21:152:21:152:55":10,"f:189:16:189:32":3,"s:191:18:196:Infinity":37,"s:198:25:198:Infinity":38,"s:199:15:199:Infinity":39,"s:201:1:222:Infinity":40,"s:202:16:202:Infinity":41,"b:203:2:221:Infinity:undefined:undefined:undefined:undefined":11,"s:203:2:221:Infinity":42,"s:205:3:205:Infinity":43,"s:207:18:207:Infinity":44,"b:208:3:219:Infinity:undefined:undefined:undefined:undefined":12,"s:208:3:219:Infinity":45,"b:208:7:208:18:208:18:208:59:208:59:208:93":13,"s:209:4:218:Infinity":46,"b:215:10:215:36:215:36:215:Infinity":14,"s:220:3:220:Infinity":47,"s:224:1:224:Infinity":48,"f:232:16:232:38":4,"s:234:1:234:Infinity":49,"s:234:7:234:29":50,"s:237:14:237:17":51,"s:237:28:237:Infinity":52,"s:238:13:238:20":53,"s:238:26:238:Infinity":54,"s:239:1:249:Infinity":55,"b:240:2:240:Infinity:undefined:undefined:undefined:undefined":15,"s:240:2:240:Infinity":56,"s:240:13:240:26":57,"s:240:26:240:36":58,"b:241:2:241:Infinity:undefined:undefined:undefined:undefined":16,"s:241:2:241:Infinity":59,"b:241:6:241:21:241:21:241:28":17,"s:241:30:241:42":60,"s:241:42:241:52":61,"b:242:2:242:Infinity:undefined:undefined:undefined:undefined":18,"s:242:2:242:Infinity":62,"s:242:20:242:36":63,"s:242:36:242:46":64,"b:243:2:243:Infinity:undefined:undefined:undefined:undefined":19,"s:243:2:243:Infinity":65,"s:243:13:243:Infinity":66,"b:245:2:248:Infinity:245:18:248:Infinity":20,"s:245:2:248:Infinity":67,"s:245:18:245:Infinity":68,"b:245:18:248:Infinity:246:54:248:Infinity":21,"s:245:18:248:Infinity":69,"s:246:23:246:Infinity":70,"b:246:54:248:Infinity:247:23:248:Infinity":22,"s:246:54:248:Infinity":71,"s:247:23:247:Infinity":72,"b:247:23:248:Infinity:undefined:undefined:undefined:undefined":23,"s:247:23:248:Infinity":73,"s:248:23:248:Infinity":74,"s:251:18:251:Infinity":75,"s:252:1:256:Infinity":76,"s:253:17:253:Infinity":77,"s:254:2:254:Infinity":78,"s:255:2:255:Infinity":79,"s:258:1:258:Infinity":80,"s:259:1:259:Infinity":81,"f:265:16:265:32":5,"b:266:1:268:Infinity:undefined:undefined:undefined:undefined":24,"s:266:1:268:Infinity":82,"b:266:5:266:36:266:36:266:79":25,"s:267:2:267:Infinity":83,"b:269:1:277:Infinity:undefined:undefined:undefined:undefined":26,"s:269:1:277:Infinity":84,"b:270:2:272:Infinity:undefined:undefined:undefined:undefined":27,"s:270:2:272:Infinity":85,"s:271:3:271:Infinity":86,"b:273:2:275:Infinity:undefined:undefined:undefined:undefined":28,"s:273:2:275:Infinity":87,"s:274:3:274:Infinity":88,"s:276:2:276:Infinity":89,"s:278:1:278:Infinity":90}}}
,"/home/sata/dev/yarner/src/lib/stores/aiPersistence.ts": {"path":"/home/sata/dev/yarner/src/lib/stores/aiPersistence.ts","statementMap":{"0":{"start":{"line":95,"column":16},"end":{"line":95,"column":null}},"1":{"start":{"line":97,"column":19},"end":{"line":97,"column":null}},"2":{"start":{"line":101,"column":1},"end":{"line":114,"column":null}},"3":{"start":{"line":120,"column":12},"end":{"line":120,"column":null}},"4":{"start":{"line":121,"column":1},"end":{"line":121,"column":null}},"5":{"start":{"line":125,"column":12},"end":{"line":125,"column":null}},"6":{"start":{"line":126,"column":1},"end":{"line":126,"column":null}},"7":{"start":{"line":132,"column":12},"end":{"line":132,"column":null}},"8":{"start":{"line":133,"column":1},"end":{"line":133,"column":null}},"9":{"start":{"line":137,"column":12},"end":{"line":137,"column":null}},"10":{"start":{"line":138,"column":1},"end":{"line":138,"column":null}},"11":{"start":{"line":145,"column":12},"end":{"line":145,"column":null}},"12":{"start":{"line":146,"column":1},"end":{"line":146,"column":null}},"13":{"start":{"line":151,"column":12},"end":{"line":151,"column":null}},"14":{"start":{"line":152,"column":19},"end":{"line":152,"column":null}},"15":{"start":{"line":153,"column":1},"end":{"line":153,"column":null}},"16":{"start":{"line":154,"column":1},"end":{"line":154,"column":null}},"17":{"start":{"line":159,"column":12},"end":{"line":159,"column":null}},"18":{"start":{"line":160,"column":19},"end":{"line":160,"column":null}},"19":{"start":{"line":161,"column":1},"end":{"line":161,"column":null}},"20":{"start":{"line":162,"column":1},"end":{"line":166,"column":null}},"21":{"start":{"line":163,"column":2},"end":{"line":163,"column":null}},"22":{"start":{"line":165,"column":2},"end":{"line":165,"column":null}},"23":{"start":{"line":173,"column":12},"end":{"line":173,"column":null}},"24":{"start":{"line":174,"column":1},"end":{"line":174,"column":null}},"25":{"start":{"line":175,"column":1},"end":{"line":175,"column":null}},"26":{"start":{"line":182,"column":1},"end":{"line":190,"column":null}}},"fnMap":{"0":{"name":"getDB","decl":{"start":{"line":100,"column":15},"end":{"line":100,"column":58}},"loc":{"start":{"line":100,"column":58},"end":{"line":115,"column":null}},"line":100},"1":{"name":"(anonymous_1)","decl":{"start":{"line":102,"column":2},"end":{"line":102,"column":10}},"loc":{"start":{"line":102,"column":26},"end":{"line":113,"column":null}},"line":102},"2":{"name":"saveGameStatus","decl":{"start":{"line":119,"column":22},"end":{"line":119,"column":37}},"loc":{"start":{"line":119,"column":90},"end":{"line":122,"column":null}},"line":119},"3":{"name":"loadGameStatus","decl":{"start":{"line":124,"column":22},"end":{"line":124,"column":37}},"loc":{"start":{"line":124,"column":88},"end":{"line":127,"column":null}},"line":124},"4":{"name":"saveChatHistory","decl":{"start":{"line":131,"column":22},"end":{"line":131,"column":38}},"loc":{"start":{"line":131,"column":98},"end":{"line":134,"column":null}},"line":131},"5":{"name":"loadChatHistory","decl":{"start":{"line":136,"column":22},"end":{"line":136,"column":38}},"loc":{"start":{"line":136,"column":82},"end":{"line":139,"column":null}},"line":136},"6":{"name":"getSaveSlots","decl":{"start":{"line":144,"column":22},"end":{"line":144,"column":35}},"loc":{"start":{"line":144,"column":77},"end":{"line":147,"column":null}},"line":144},"7":{"name":"writeSaveSlot","decl":{"start":{"line":150,"column":22},"end":{"line":150,"column":36}},"loc":{"start":{"line":150,"column":85},"end":{"line":155,"column":null}},"line":150},"8":{"name":"deleteSaveSlot","decl":{"start":{"line":158,"column":22},"end":{"line":158,"column":37}},"loc":{"start":{"line":158,"column":88},"end":{"line":167,"column":null}},"line":158},"9":{"name":"clearGameAIData","decl":{"start":{"line":172,"column":22},"end":{"line":172,"column":38}},"loc":{"start":{"line":172,"column":71},"end":{"line":176,"column":null}},"line":172},"10":{"name":"createEmptyGameStatus","decl":{"start":{"line":181,"column":16},"end":{"line":181,"column":52}},"loc":{"start":{"line":181,"column":52},"end":{"line":191,"column":null}},"line":181}},"branchMap":{"0":{"loc":{"start":{"line":138,"column":9},"end":{"line":138,"column":null}},"type":"binary-expr","locations":[{"start":{"line":138,"column":9},"end":{"line":138,"column":51}},{"start":{"line":138,"column":51},"end":{"line":138,"column":null}}],"line":138},"1":{"loc":{"start":{"line":146,"column":9},"end":{"line":146,"column":null}},"type":"binary-expr","locations":[{"start":{"line":146,"column":9},"end":{"line":146,"column":49}},{"start":{"line":146,"column":49},"end":{"line":146,"column":null}}],"line":146},"2":{"loc":{"start":{"line":152,"column":19},"end":{"line":152,"column":null}},"type":"binary-expr","locations":[{"start":{"line":152,"column":19},"end":{"line":152,"column":59}},{"start":{"line":152,"column":59},"end":{"line":152,"column":null}}],"line":152},"3":{"loc":{"start":{"line":160,"column":19},"end":{"line":160,"column":null}},"type":"binary-expr","locations":[{"start":{"line":160,"column":19},"end":{"line":160,"column":59}},{"start":{"line":160,"column":59},"end":{"line":160,"column":null}}],"line":160},"4":{"loc":{"start":{"line":162,"column":1},"end":{"line":166,"column":null}},"type":"if","locations":[{"start":{"line":162,"column":1},"end":{"line":166,"column":null}},{"start":{"line":164,"column":8},"end":{"line":166,"column":null}}],"line":162}},"s":{"0":1,"1":1,"2":32,"3":4,"4":4,"5":4,"6":4,"7":2,"8":2,"9":3,"10":3,"11":7,"12":7,"13":8,"14":8,"15":8,"16":8,"17":3,"18":3,"19":3,"20":3,"21":2,"22":1,"23":1,"24":1,"25":1,"26":2},"f":{"0":32,"1":1,"2":4,"3":4,"4":2,"5":3,"6":7,"7":8,"8":3,"9":1,"10":2},"b":{"0":[3,2],"1":[7,3],"2":[8,5],"3":[3,1],"4":[2,1]},"meta":{"lastBranch":5,"lastFunction":11,"lastStatement":27,"seen":{"s:95:16:95:Infinity":0,"s:97:19:97:Infinity":1,"f:100:15:100:58":0,"s:101:1:114:Infinity":2,"f:102:2:102:10":1,"f:119:22:119:37":2,"s:120:12:120:Infinity":3,"s:121:1:121:Infinity":4,"f:124:22:124:37":3,"s:125:12:125:Infinity":5,"s:126:1:126:Infinity":6,"f:131:22:131:38":4,"s:132:12:132:Infinity":7,"s:133:1:133:Infinity":8,"f:136:22:136:38":5,"s:137:12:137:Infinity":9,"s:138:1:138:Infinity":10,"b:138:9:138:51:138:51:138:Infinity":0,"f:144:22:144:35":6,"s:145:12:145:Infinity":11,"s:146:1:146:Infinity":12,"b:146:9:146:49:146:49:146:Infinity":1,"f:150:22:150:36":7,"s:151:12:151:Infinity":13,"s:152:19:152:Infinity":14,"b:152:19:152:59:152:59:152:Infinity":2,"s:153:1:153:Infinity":15,"s:154:1:154:Infinity":16,"f:158:22:158:37":8,"s:159:12:159:Infinity":17,"s:160:19:160:Infinity":18,"b:160:19:160:59:160:59:160:Infinity":3,"s:161:1:161:Infinity":19,"b:162:1:166:Infinity:164:8:166:Infinity":4,"s:162:1:166:Infinity":20,"s:163:2:163:Infinity":21,"s:165:2:165:Infinity":22,"f:172:22:172:38":9,"s:173:12:173:Infinity":23,"s:174:1:174:Infinity":24,"s:175:1:175:Infinity":25,"f:181:16:181:52":10,"s:182:1:190:Infinity":26}}}
,"/home/sata/dev/yarner/src/lib/stores/gameState.ts": {"path":"/home/sata/dev/yarner/src/lib/stores/gameState.ts","statementMap":{"0":{"start":{"line":31,"column":32},"end":{"line":38,"column":null}},"1":{"start":{"line":41,"column":6},"end":{"line":41,"column":null}},"2":{"start":{"line":47,"column":1},"end":{"line":86,"column":null}},"3":{"start":{"line":49,"column":8},"end":{"line":49,"column":null}},"4":{"start":{"line":52,"column":2},"end":{"line":57,"column":null}},"5":{"start":{"line":52,"column":34},"end":{"line":57,"column":4}},"6":{"start":{"line":61,"column":2},"end":{"line":66,"column":null}},"7":{"start":{"line":62,"column":3},"end":{"line":65,"column":null}},"8":{"start":{"line":62,"column":35},"end":{"line":65,"column":5}},"9":{"start":{"line":69,"column":2},"end":{"line":69,"column":null}},"10":{"start":{"line":72,"column":2},"end":{"line":77,"column":null}},"11":{"start":{"line":72,"column":34},"end":{"line":77,"column":4}},"12":{"start":{"line":79,"column":2},"end":{"line":79,"column":null}},"13":{"start":{"line":80,"column":2},"end":{"line":84,"column":null}},"14":{"start":{"line":80,"column":34},"end":{"line":84,"column":4}},"15":{"start":{"line":85,"column":2},"end":{"line":85,"column":null}},"16":{"start":{"line":93,"column":7},"end":{"line":93,"column":null}},"17":{"start":{"line":95,"column":1},"end":{"line":97,"column":null}},"18":{"start":{"line":96,"column":2},"end":{"line":96,"column":null}},"19":{"start":{"line":100,"column":1},"end":{"line":103,"column":null}},"20":{"start":{"line":100,"column":29},"end":{"line":103,"column":3}},"21":{"start":{"line":106,"column":1},"end":{"line":106,"column":null}},"22":{"start":{"line":113,"column":1},"end":{"line":116,"column":null}},"23":{"start":{"line":113,"column":33},"end":{"line":116,"column":3}},"24":{"start":{"line":123,"column":1},"end":{"line":126,"column":null}},"25":{"start":{"line":123,"column":33},"end":{"line":126,"column":3}},"26":{"start":{"line":137,"column":7},"end":{"line":137,"column":null}},"27":{"start":{"line":139,"column":1},"end":{"line":139,"column":null}},"28":{"start":{"line":139,"column":39},"end":{"line":139,"column":null}},"29":{"start":{"line":142,"column":1},"end":{"line":142,"column":null}},"30":{"start":{"line":144,"column":7},"end":{"line":144,"column":null}},"31":{"start":{"line":145,"column":32},"end":{"line":145,"column":null}},"32":{"start":{"line":148,"column":1},"end":{"line":154,"column":null}},"33":{"start":{"line":148,"column":29},"end":{"line":154,"column":3}},"34":{"start":{"line":157,"column":1},"end":{"line":162,"column":null}},"35":{"start":{"line":158,"column":2},"end":{"line":161,"column":null}},"36":{"start":{"line":158,"column":30},"end":{"line":161,"column":4}},"37":{"start":{"line":164,"column":1},"end":{"line":164,"column":null}},"38":{"start":{"line":166,"column":1},"end":{"line":172,"column":null}},"39":{"start":{"line":166,"column":29},"end":{"line":172,"column":3}},"40":{"start":{"line":184,"column":7},"end":{"line":184,"column":null}},"41":{"start":{"line":186,"column":1},"end":{"line":188,"column":null}},"42":{"start":{"line":187,"column":2},"end":{"line":187,"column":null}},"43":{"start":{"line":190,"column":18},"end":{"line":190,"column":null}},"44":{"start":{"line":191,"column":1},"end":{"line":193,"column":null}},"45":{"start":{"line":192,"column":2},"end":{"line":192,"column":null}},"46":{"start":{"line":195,"column":24},"end":{"line":203,"column":null}},"47":{"start":{"line":205,"column":1},"end":{"line":205,"column":null}},"48":{"start":{"line":214,"column":7},"end":{"line":214,"column":null}},"49":{"start":{"line":217,"column":1},"end":{"line":219,"column":null}},"50":{"start":{"line":218,"column":2},"end":{"line":218,"column":null}},"51":{"start":{"line":221,"column":7},"end":{"line":221,"column":null}},"52":{"start":{"line":222,"column":18},"end":{"line":222,"column":null}},"53":{"start":{"line":225,"column":1},"end":{"line":230,"column":null}},"54":{"start":{"line":226,"column":2},"end":{"line":229,"column":null}},"55":{"start":{"line":226,"column":30},"end":{"line":229,"column":4}},"56":{"start":{"line":233,"column":1},"end":{"line":241,"column":null}},"57":{"start":{"line":233,"column":29},"end":{"line":241,"column":3}},"58":{"start":{"line":244,"column":1},"end":{"line":244,"column":null}},"59":{"start":{"line":246,"column":1},"end":{"line":250,"column":null}},"60":{"start":{"line":246,"column":29},"end":{"line":250,"column":3}},"61":{"start":{"line":257,"column":7},"end":{"line":257,"column":null}},"62":{"start":{"line":258,"column":1},"end":{"line":258,"column":null}},"63":{"start":{"line":258,"column":22},"end":{"line":258,"column":null}},"64":{"start":{"line":259,"column":1},"end":{"line":259,"column":null}},"65":{"start":{"line":266,"column":7},"end":{"line":266,"column":null}},"66":{"start":{"line":267,"column":1},"end":{"line":267,"column":null}},"67":{"start":{"line":267,"column":22},"end":{"line":267,"column":null}},"68":{"start":{"line":268,"column":1},"end":{"line":268,"column":null}},"69":{"start":{"line":275,"column":7},"end":{"line":275,"column":null}},"70":{"start":{"line":277,"column":1},"end":{"line":279,"column":null}},"71":{"start":{"line":278,"column":2},"end":{"line":278,"column":null}},"72":{"start":{"line":281,"column":1},"end":{"line":281,"column":null}},"73":{"start":{"line":287,"column":13},"end":{"line":290,"column":null}},"74":{"start":{"line":289,"column":11},"end":{"line":289,"column":null}},"75":{"start":{"line":295,"column":13},"end":{"line":298,"column":null}},"76":{"start":{"line":297,"column":11},"end":{"line":297,"column":null}},"77":{"start":{"line":303,"column":13},"end":{"line":306,"column":null}},"78":{"start":{"line":305,"column":11},"end":{"line":305,"column":null}},"79":{"start":{"line":311,"column":25},"end":{"line":323,"column":null}}},"fnMap":{"0":{"name":"loadGame","decl":{"start":{"line":46,"column":22},"end":{"line":46,"column":31}},"loc":{"start":{"line":46,"column":87},"end":{"line":87,"column":null}},"line":46},"1":{"name":"(anonymous_1)","decl":{"start":{"line":52,"column":24},"end":{"line":52,"column":34}},"loc":{"start":{"line":52,"column":34},"end":{"line":57,"column":4}},"line":52},"2":{"name":"(anonymous_2)","decl":{"start":{"line":61,"column":18},"end":{"line":61,"column":19}},"loc":{"start":{"line":61,"column":36},"end":{"line":66,"column":3}},"line":61},"3":{"name":"(anonymous_3)","decl":{"start":{"line":62,"column":25},"end":{"line":62,"column":35}},"loc":{"start":{"line":62,"column":35},"end":{"line":65,"column":5}},"line":62},"4":{"name":"(anonymous_4)","decl":{"start":{"line":72,"column":24},"end":{"line":72,"column":34}},"loc":{"start":{"line":72,"column":34},"end":{"line":77,"column":4}},"line":72},"5":{"name":"(anonymous_5)","decl":{"start":{"line":80,"column":24},"end":{"line":80,"column":34}},"loc":{"start":{"line":80,"column":34},"end":{"line":84,"column":4}},"line":80},"6":{"name":"sendCommand","decl":{"start":{"line":92,"column":16},"end":{"line":92,"column":28}},"loc":{"start":{"line":92,"column":51},"end":{"line":107,"column":null}},"line":92},"7":{"name":"(anonymous_7)","decl":{"start":{"line":100,"column":23},"end":{"line":100,"column":29}},"loc":{"start":{"line":100,"column":29},"end":{"line":103,"column":3}},"line":100},"8":{"name":"addOutput","decl":{"start":{"line":112,"column":16},"end":{"line":112,"column":26}},"loc":{"start":{"line":112,"column":46},"end":{"line":117,"column":null}},"line":112},"9":{"name":"(anonymous_9)","decl":{"start":{"line":113,"column":23},"end":{"line":113,"column":33}},"loc":{"start":{"line":113,"column":33},"end":{"line":116,"column":3}},"line":113},"10":{"name":"clearHistory","decl":{"start":{"line":122,"column":16},"end":{"line":122,"column":37}},"loc":{"start":{"line":122,"column":37},"end":{"line":127,"column":null}},"line":122},"11":{"name":"(anonymous_11)","decl":{"start":{"line":123,"column":23},"end":{"line":123,"column":33}},"loc":{"start":{"line":123,"column":33},"end":{"line":126,"column":3}},"line":123},"12":{"name":"restartGame","decl":{"start":{"line":136,"column":22},"end":{"line":136,"column":51}},"loc":{"start":{"line":136,"column":51},"end":{"line":173,"column":null}},"line":136},"13":{"name":"(anonymous_13)","decl":{"start":{"line":148,"column":23},"end":{"line":148,"column":29}},"loc":{"start":{"line":148,"column":29},"end":{"line":154,"column":3}},"line":148},"14":{"name":"(anonymous_14)","decl":{"start":{"line":157,"column":17},"end":{"line":157,"column":18}},"loc":{"start":{"line":157,"column":35},"end":{"line":162,"column":2}},"line":157},"15":{"name":"(anonymous_15)","decl":{"start":{"line":158,"column":24},"end":{"line":158,"column":30}},"loc":{"start":{"line":158,"column":30},"end":{"line":161,"column":4}},"line":158},"16":{"name":"(anonymous_16)","decl":{"start":{"line":166,"column":23},"end":{"line":166,"column":29}},"loc":{"start":{"line":166,"column":29},"end":{"line":172,"column":3}},"line":166},"17":{"name":"saveGame","decl":{"start":{"line":183,"column":22},"end":{"line":183,"column":31}},"loc":{"start":{"line":183,"column":117},"end":{"line":206,"column":null}},"line":183},"18":{"name":"loadFromSaveSlot","decl":{"start":{"line":213,"column":22},"end":{"line":213,"column":39}},"loc":{"start":{"line":213,"column":70},"end":{"line":251,"column":null}},"line":213},"19":{"name":"(anonymous_19)","decl":{"start":{"line":225,"column":17},"end":{"line":225,"column":18}},"loc":{"start":{"line":225,"column":35},"end":{"line":230,"column":2}},"line":225},"20":{"name":"(anonymous_20)","decl":{"start":{"line":226,"column":24},"end":{"line":226,"column":30}},"loc":{"start":{"line":226,"column":30},"end":{"line":229,"column":4}},"line":226},"21":{"name":"(anonymous_21)","decl":{"start":{"line":233,"column":23},"end":{"line":233,"column":29}},"loc":{"start":{"line":233,"column":29},"end":{"line":241,"column":3}},"line":233},"22":{"name":"(anonymous_22)","decl":{"start":{"line":246,"column":23},"end":{"line":246,"column":29}},"loc":{"start":{"line":246,"column":29},"end":{"line":250,"column":3}},"line":246},"23":{"name":"getSaveSlotList","decl":{"start":{"line":256,"column":22},"end":{"line":256,"column":64}},"loc":{"start":{"line":256,"column":64},"end":{"line":260,"column":null}},"line":256},"24":{"name":"removeSaveSlot","decl":{"start":{"line":265,"column":22},"end":{"line":265,"column":37}},"loc":{"start":{"line":265,"column":70},"end":{"line":269,"column":null}},"line":265},"25":{"name":"unloadGame","decl":{"start":{"line":274,"column":16},"end":{"line":274,"column":35}},"loc":{"start":{"line":274,"column":35},"end":{"line":282,"column":null}},"line":274},"26":{"name":"(anonymous_26)","decl":{"start":{"line":289,"column":1},"end":{"line":289,"column":11}},"loc":{"start":{"line":289,"column":11},"end":{"line":289,"column":null}},"line":289},"27":{"name":"(anonymous_27)","decl":{"start":{"line":297,"column":1},"end":{"line":297,"column":11}},"loc":{"start":{"line":297,"column":11},"end":{"line":297,"column":null}},"line":297},"28":{"name":"(anonymous_28)","decl":{"start":{"line":305,"column":1},"end":{"line":305,"column":11}},"loc":{"start":{"line":305,"column":11},"end":{"line":305,"column":null}},"line":305}},"branchMap":{"0":{"loc":{"start":{"line":95,"column":1},"end":{"line":97,"column":null}},"type":"if","locations":[{"start":{"line":95,"column":1},"end":{"line":97,"column":null}},{"start":{},"end":{}}],"line":95},"1":{"loc":{"start":{"line":95,"column":5},"end":{"line":95,"column":39}},"type":"binary-expr","locations":[{"start":{"line":95,"column":5},"end":{"line":95,"column":24}},{"start":{"line":95,"column":24},"end":{"line":95,"column":39}}],"line":95},"2":{"loc":{"start":{"line":139,"column":1},"end":{"line":139,"column":null}},"type":"if","locations":[{"start":{"line":139,"column":1},"end":{"line":139,"column":null}},{"start":{},"end":{}}],"line":139},"3":{"loc":{"start":{"line":139,"column":5},"end":{"line":139,"column":39}},"type":"binary-expr","locations":[{"start":{"line":139,"column":5},"end":{"line":139,"column":22}},{"start":{"line":139,"column":22},"end":{"line":139,"column":39}}],"line":139},"4":{"loc":{"start":{"line":186,"column":1},"end":{"line":188,"column":null}},"type":"if","locations":[{"start":{"line":186,"column":1},"end":{"line":188,"column":null}},{"start":{},"end":{}}],"line":186},"5":{"loc":{"start":{"line":186,"column":5},"end":{"line":186,"column":58}},"type":"binary-expr","locations":[{"start":{"line":186,"column":5},"end":{"line":186,"column":24}},{"start":{"line":186,"column":24},"end":{"line":186,"column":41}},{"start":{"line":186,"column":41},"end":{"line":186,"column":58}}],"line":186},"6":{"loc":{"start":{"line":191,"column":1},"end":{"line":193,"column":null}},"type":"if","locations":[{"start":{"line":191,"column":1},"end":{"line":193,"column":null}},{"start":{},"end":{}}],"line":191},"7":{"loc":{"start":{"line":217,"column":1},"end":{"line":219,"column":null}},"type":"if","locations":[{"start":{"line":217,"column":1},"end":{"line":219,"column":null}},{"start":{},"end":{}}],"line":217},"8":{"loc":{"start":{"line":258,"column":1},"end":{"line":258,"column":null}},"type":"if","locations":[{"start":{"line":258,"column":1},"end":{"line":258,"column":null}},{"start":{},"end":{}}],"line":258},"9":{"loc":{"start":{"line":267,"column":1},"end":{"line":267,"column":null}},"type":"if","locations":[{"start":{"line":267,"column":1},"end":{"line":267,"column":null}},{"start":{},"end":{}}],"line":267},"10":{"loc":{"start":{"line":277,"column":1},"end":{"line":279,"column":null}},"type":"if","locations":[{"start":{"line":277,"column":1},"end":{"line":279,"column":null}},{"start":{},"end":{}}],"line":277}},"s":{"0":1,"1":1,"2":19,"3":19,"4":19,"5":19,"6":19,"7":1,"8":1,"9":19,"10":18,"11":18,"12":1,"13":1,"14":1,"15":1,"16":3,"17":3,"18":1,"19":2,"20":2,"21":2,"22":6,"23":6,"24":2,"25":2,"26":5,"27":5,"28":1,"29":4,"30":4,"31":4,"32":4,"33":4,"34":4,"35":1,"36":1,"37":4,"38":4,"39":4,"40":4,"41":4,"42":1,"43":3,"44":3,"45":1,"46":2,"47":2,"48":5,"49":5,"50":1,"51":5,"52":5,"53":5,"54":1,"55":1,"56":5,"57":5,"58":5,"59":5,"60":5,"61":2,"62":2,"63":1,"64":1,"65":2,"66":2,"67":1,"68":1,"69":40,"70":40,"71":21,"72":40,"73":1,"74":6,"75":1,"76":4,"77":1,"78":1,"79":1},"f":{"0":19,"1":19,"2":1,"3":1,"4":18,"5":1,"6":3,"7":2,"8":6,"9":6,"10":2,"11":2,"12":5,"13":4,"14":1,"15":1,"16":4,"17":4,"18":5,"19":1,"20":1,"21":5,"22":5,"23":2,"24":2,"25":40,"26":6,"27":4,"28":1},"b":{"0":[1,2],"1":[3,2],"2":[1,4],"3":[5,4],"4":[1,3],"5":[4,3,3],"6":[1,2],"7":[1,4],"8":[1,1],"9":[1,1],"10":[21,19]},"meta":{"lastBranch":11,"lastFunction":29,"lastStatement":80,"seen":{"s:31:32:38:Infinity":0,"s:41:6:41:Infinity":1,"f:46:22:46:31":0,"s:47:1:86:Infinity":2,"s:49:8:49:Infinity":3,"s:52:2:57:Infinity":4,"f:52:24:52:34":1,"s:52:34:57:4":5,"s:61:2:66:Infinity":6,"f:61:18:61:19":2,"s:62:3:65:Infinity":7,"f:62:25:62:35":3,"s:62:35:65:5":8,"s:69:2:69:Infinity":9,"s:72:2:77:Infinity":10,"f:72:24:72:34":4,"s:72:34:77:4":11,"s:79:2:79:Infinity":12,"s:80:2:84:Infinity":13,"f:80:24:80:34":5,"s:80:34:84:4":14,"s:85:2:85:Infinity":15,"f:92:16:92:28":6,"s:93:7:93:Infinity":16,"b:95:1:97:Infinity:undefined:undefined:undefined:undefined":0,"s:95:1:97:Infinity":17,"b:95:5:95:24:95:24:95:39":1,"s:96:2:96:Infinity":18,"s:100:1:103:Infinity":19,"f:100:23:100:29":7,"s:100:29:103:3":20,"s:106:1:106:Infinity":21,"f:112:16:112:26":8,"s:113:1:116:Infinity":22,"f:113:23:113:33":9,"s:113:33:116:3":23,"f:122:16:122:37":10,"s:123:1:126:Infinity":24,"f:123:23:123:33":11,"s:123:33:126:3":25,"f:136:22:136:51":12,"s:137:7:137:Infinity":26,"b:139:1:139:Infinity:undefined:undefined:undefined:undefined":2,"s:139:1:139:Infinity":27,"b:139:5:139:22:139:22:139:39":3,"s:139:39:139:Infinity":28,"s:142:1:142:Infinity":29,"s:144:7:144:Infinity":30,"s:145:32:145:Infinity":31,"s:148:1:154:Infinity":32,"f:148:23:148:29":13,"s:148:29:154:3":33,"s:157:1:162:Infinity":34,"f:157:17:157:18":14,"s:158:2:161:Infinity":35,"f:158:24:158:30":15,"s:158:30:161:4":36,"s:164:1:164:Infinity":37,"s:166:1:172:Infinity":38,"f:166:23:166:29":16,"s:166:29:172:3":39,"f:183:22:183:31":17,"s:184:7:184:Infinity":40,"b:186:1:188:Infinity:undefined:undefined:undefined:undefined":4,"s:186:1:188:Infinity":41,"b:186:5:186:24:186:24:186:41:186:41:186:58":5,"s:187:2:187:Infinity":42,"s:190:18:190:Infinity":43,"b:191:1:193:Infinity:undefined:undefined:undefined:undefined":6,"s:191:1:193:Infinity":44,"s:192:2:192:Infinity":45,"s:195:24:203:Infinity":46,"s:205:1:205:Infinity":47,"f:213:22:213:39":18,"s:214:7:214:Infinity":48,"b:217:1:219:Infinity:undefined:undefined:undefined:undefined":7,"s:217:1:219:Infinity":49,"s:218:2:218:Infinity":50,"s:221:7:221:Infinity":51,"s:222:18:222:Infinity":52,"s:225:1:230:Infinity":53,"f:225:17:225:18":19,"s:226:2:229:Infinity":54,"f:226:24:226:30":20,"s:226:30:229:4":55,"s:233:1:241:Infinity":56,"f:233:23:233:29":21,"s:233:29:241:3":57,"s:244:1:244:Infinity":58,"s:246:1:250:Infinity":59,"f:246:23:246:29":22,"s:246:29:250:3":60,"f:256:22:256:64":23,"s:257:7:257:Infinity":61,"b:258:1:258:Infinity:undefined:undefined:undefined:undefined":8,"s:258:1:258:Infinity":62,"s:258:22:258:Infinity":63,"s:259:1:259:Infinity":64,"f:265:22:265:37":24,"s:266:7:266:Infinity":65,"b:267:1:267:Infinity:undefined:undefined:undefined:undefined":9,"s:267:1:267:Infinity":66,"s:267:22:267:Infinity":67,"s:268:1:268:Infinity":68,"f:274:16:274:35":25,"s:275:7:275:Infinity":69,"b:277:1:279:Infinity:undefined:undefined:undefined:undefined":10,"s:277:1:279:Infinity":70,"s:278:2:278:Infinity":71,"s:281:1:281:Infinity":72,"s:287:13:290:Infinity":73,"f:289:1:289:11":26,"s:289:11:289:Infinity":74,"s:295:13:298:Infinity":75,"f:297:1:297:11":27,"s:297:11:297:Infinity":76,"s:303:13:306:Infinity":77,"f:305:1:305:11":28,"s:305:11:305:Infinity":78,"s:311:25:323:Infinity":79}}}
}
