{"total": {"lines":{"total":296,"covered":296,"skipped":0,"pct":100},"statements":{"total":353,"covered":352,"skipped":0,"pct":99.71},"functions":{"total":132,"covered":132,"skipped":0,"pct":100},"branches":{"total":181,"covered":178,"skipped":0,"pct":98.34},"branchesTrue":{"total":0,"covered":0,"skipped":0,"pct":100}}
,"/home/sata/dev/yarner/src/lib/api/claude.ts": {"lines":{"total":73,"covered":73,"skipped":0,"pct":100},"functions":{"total":6,"covered":6,"skipped":0,"pct":100},"statements":{"total":91,"covered":90,"skipped":0,"pct":98.9},"branches":{"total":58,"covered":57,"skipped":0,"pct":98.27}}
,"/home/sata/dev/yarner/src/lib/stores/aiPersistence.ts": {"lines":{"total":32,"covered":32,"skipped":0,"pct":100},"functions":{"total":11,"covered":11,"skipped":0,"pct":100},"statements":{"total":32,"covered":32,"skipped":0,"pct":100},"branches":{"total":14,"covered":12,"skipped":0,"pct":85.71}}
,"/home/sata/dev/yarner/src/lib/stores/gameState.ts": {"lines":{"total":64,"covered":64,"skipped":0,"pct":100},"functions":{"total":29,"covered":29,"skipped":0,"pct":100},"statements":{"total":80,"covered":80,"skipped":0,"pct":100},"branches":{"total":23,"covered":23,"skipped":0,"pct":100}}
,"/home/sata/dev/yarner/src/lib/zmachine/glk/WebGlk.ts": {"lines":{"total":120,"covered":120,"skipped":0,"pct":100},"functions":{"total":81,"covered":81,"skipped":0,"pct":100},"statements":{"total":143,"covered":143,"skipped":0,"pct":100},"branches":{"total":86,"covered":86,"skipped":0,"pct":100}}
,"/home/sata/dev/yarner/src/lib/zmachine/glk/types.ts": {"lines":{"total":7,"covered":7,"skipped":0,"pct":100},"functions":{"total":5,"covered":5,"skipped":0,"pct":100},"statements":{"total":7,"covered":7,"skipped":0,"pct":100},"branches":{"total":0,"covered":0,"skipped":0,"pct":100}}
}
